


--------------------------------------
DOCK v6.13

Released July 2025
Copyright UCSF
--------------------------------------


Conformational Sampling Parameters
------------------------------------------------------------------------------------------
conformer_search_type                                        rigid

Internal Energy Parameters
------------------------------------------------------------------------------------------
use_internal_energy                                          yes
internal_energy_rep_exp                                      12
internal_energy_cutoff                                       100.0
Note: Internal energy only includes repulsive VDW for growth and/or minimization.

Molecule Library Input Parameters
------------------------------------------------------------------------------------------
ligand_atom_file                                             ../001_structure/4ZZJ_ligand_wH_wcH.mol2
limit_max_ligands                                            no
skip_molecule                                                no
read_mol_solvation                                           no
calculate_rmsd                                               yes
use_rmsd_reference_mol                                       yes
rmsd_reference_filename                                      ../001_structure/4ZZJ_ligand_wH_wcH.mol2

Database Filter Parameters
------------------------------------------------------------------------------------------
use_database_filter                                          no

Orient Ligand Parameters
------------------------------------------------------------------------------------------
orient_ligand                                                no

Bump Filter Parameters
------------------------------------------------------------------------------------------
bump_filter                                                  no

Master Score Parameters
------------------------------------------------------------------------------------------
score_molecules                                              yes

Contact Score Parameters
------------------------------------------------------------------------------------------
contact_score_primary                                        no

Grid Score Parameters
------------------------------------------------------------------------------------------
grid_score_primary                                           yes
grid_score_rep_rad_scale                                     1
grid_score_vdw_scale                                         1
grid_score_es_scale                                          1
grid_lig_efficiency                                          no
grid_score_grid_prefix                                       ../003_gridbox/grid

GIST Score Parameters
------------------------------------------------------------------------------------------

MultiGrid Score Parameters
------------------------------------------------------------------------------------------

Dock3.5 Score Parameters
------------------------------------------------------------------------------------------

Continuous Energy Score Parameters
------------------------------------------------------------------------------------------

Footprint Similarity Score Parameters
------------------------------------------------------------------------------------------

Pharmacophore Similarity Score Parameters
------------------------------------------------------------------------------------------

Hbond Energy Score Parameters
------------------------------------------------------------------------------------------

Internal Energy Score Parameters
------------------------------------------------------------------------------------------

Descriptor Score Parameters
------------------------------------------------------------------------------------------

Zou GB/SA Score Parameters
------------------------------------------------------------------------------------------

Hawkins GB/SA Score Parameters
------------------------------------------------------------------------------------------

SASA Score Parameters
------------------------------------------------------------------------------------------

Amber Score Parameters
------------------------------------------------------------------------------------------

Simplex Minimization Parameters
------------------------------------------------------------------------------------------
minimize_ligand                                              yes
simplex_max_iterations                                       1000
simplex_tors_premin_iterations                               0
simplex_max_cycles                                           1
simplex_score_converge                                       0.1
simplex_cycle_converge                                       1.0
simplex_trans_step                                           1.0
simplex_rot_step                                             0.1
simplex_tors_step                                            10.0
simplex_final_min                                            no
simplex_random_seed                                          0
simplex_restraint_min                                        no

Atom Typing Parameters
------------------------------------------------------------------------------------------
atom_model                                                   all
vdw_defn_file                                                /home/malaka-sandaruwan/Desktop/dock6/dock6/parameters/vdw_AMBER_parm99.defn
flex_defn_file                                               /home/malaka-sandaruwan/Desktop/dock6/dock6/parameters/flex_drive.defn
flex_drive_file                                              /home/malaka-sandaruwan/Desktop/dock6/dock6/parameters/flex_drive.tbl

Molecule Library Output Parameters
------------------------------------------------------------------------------------------
ligand_outfile_prefix                                        4ZZJ_min
write_mol_solvation                                          no
write_orientations                                           no
num_final_scored_poses                                       1
num_preclustered_conformers                                  1
score_threshold                                              100.0
rank_ligands                                                 no
------------------------------------------------------------------------------------------


Could not open /home/malaka-sandaruwan/Desktop/dock6/dock6/parameters/flex_drive.defn for reading. Therefore we will use default parameters: /home/malaka-sandaruwan/Desktop/dock6/dock6/parameters/flex.defn

Initializing Library File Routines...

Initializing Grid Score Routines...
 Reading the energy grid from ../003_gridbox/grid.nrg
 Done reading the energy grid.
 Reading the grid box quantifiers from ../003_gridbox/grid.bmp
 Done reading the grid box quantifiers.

-----------------------------------
Molecule: 4ZZJ_lgand.pdb

 Elapsed time for docking:	0.010 seconds

 Anchors:		1
 Orientations:		1
 Conformations:		1

                          Grid_Score:          -37.155544
                     Grid_vdw_energy:          -37.155544
                      Grid_es_energy:            0.000000
           Internal_energy_repulsive:     49623440.000000


1 Molecules Processed
Total elapsed time:	0.056 seconds
Number of molecules per second:	17.739
Virtual memory used for this process: 83712 kilobytes
Physical memory used for this process: 17748 kilobytes
