

        UUUUUUU    CCCCCCCC    SSSSSSS/  FFFFFFFFF  
      UU/    UU/  CC/    CC/     SS/     FF/    FF/ 
     UU/         CCCCCCCC/      SS/     FF/    FF/  
    UU/  UUUU/  CC/ CC\        SS/     FF/    FF/   
   UU/    UU/  CC/   CC\      SS/     FF/    FF/    
   UUUUUUU/   CC/     CC\  SSSSSS/  FFFFFFFFF/      


University of California at San Francisco, DOCK 4.0.1

__________________Job_Information_________________
launch_time                    Thu Oct  9 02:13:17 2025
host_name                      unknown
memory_limit                   -1
working_directory              /home/malaka-sandaruwan/Desktop/doc6_2/003_gridbox
user_name                      malaka-sandaruwan

________________General_Parameters________________
compute_grids                  yes
grid_spacing                   0.4
output_molecule                no

________________Scoring_Parameters________________
contact_score                  no
energy_score                   yes
energy_cutoff_distance         9999
atom_model                     a
attractive_exponent            6
repulsive_exponent             9
distance_dielectric            yes
dielectric_factor              4
allow_non_integral_charges     no
bump_filter                    yes
bump_overlap                   0.75

____________________File_Input____________________
receptor_file                  ../001_structure/4ZZJ_protein_nH_ncH.mol2
box_file                       4ZZJ.box.pdb
vdw_definition_file            /home/malaka-sandaruwan/Desktop/dock6/dock6/parameters/vdw_AMBER_parm99.defn

____________________File_Output___________________
score_grid_prefix              grid



Reading in coordinates of receptor.

Total charge on 4ZZJ_fixed_protein.pdb  :    0.000

Reading in grid box information.
Box center of mass                      :   64.892   35.392   26.337
Box dimensions                          :   40.978   32.766   40.860
Number of grid points per side [x y z]  :      104       83      104
Total number of grid points             :   897728

Generating scoring grids.
Percent of protein atoms processed      :        0
Percent of protein atoms processed      :       10
Percent of protein atoms processed      :       20
Percent of protein atoms processed      :       30
Percent of protein atoms processed      :       40
Percent of protein atoms processed      :       50
Percent of protein atoms processed      :       60
Percent of protein atoms processed      :       70
Percent of protein atoms processed      :       80
Percent of protein atoms processed      :       90
Writing general grid info to grid.bmp
Writing bump grid to grid.bmp
Writing energy grids to grid.nrg
  Writing attractive VDW energy grid
  Writing repulsive VDW energy grid
  Writing electrostatic energy grid

Finished calculation.
